[debug] [2022-01-12T20:14:21.577Z] ----------------------------------------------------------------------
[debug] [2022-01-12T20:14:21.586Z] Command:       C:\Program Files\nodejs\node.exe C:\Users\Perfect\AppData\Roaming\npm\node_modules\firebase-tools\lib\bin\firebase.js deploy
[debug] [2022-01-12T20:14:21.588Z] CLI Version:   10.0.1
[debug] [2022-01-12T20:14:21.589Z] Platform:      win32
[debug] [2022-01-12T20:14:21.590Z] Node Version:  v16.13.1
[debug] [2022-01-12T20:14:21.603Z] Time:          Thu Jan 13 2022 02:14:21 GMT+0600 (Bangladesh Standard Time)
[debug] [2022-01-12T20:14:21.604Z] ----------------------------------------------------------------------
[debug] 
[debug] [2022-01-12T20:14:21.920Z] > command requires scopes: ["email","openid","https://www.googleapis.com/auth/cloudplatformprojects.readonly","https://www.googleapis.com/auth/firebase","https://www.googleapis.com/auth/cloud-platform"]
[debug] [2022-01-12T20:14:21.922Z] > authorizing via signed-in user (eiasin880@gmail.com)
[debug] [2022-01-12T20:14:21.923Z] [iam] checking project student-subject for permissions ["firebase.projects.get","firebasehosting.sites.update"]
[debug] [2022-01-12T20:14:21.934Z] > refreshing access token with scopes: ["email","https://www.googleapis.com/auth/cloud-platform","https://www.googleapis.com/auth/cloudplatformprojects.readonly","https://www.googleapis.com/auth/firebase","openid"]
[debug] [2022-01-12T20:14:21.936Z] >>> HTTP REQUEST POST https://www.googleapis.com/oauth2/v3/token  
 <request body omitted>
[debug] [2022-01-12T20:14:23.144Z] <<< HTTP RESPONSE 200 {"pragma":"no-cache","cache-control":"no-cache, no-store, max-age=0, must-revalidate","expires":"Mon, 01 Jan 1990 00:00:00 GMT","date":"Wed, 12 Jan 2022 20:14:23 GMT","content-type":"application/json; charset=utf-8","vary":"X-Origin, Referer, Origin,Accept-Encoding","server":"scaffolding on HTTPServer2","x-xss-protection":"0","x-frame-options":"SAMEORIGIN","x-content-type-options":"nosniff","alt-svc":"h3=\":443\"; ma=2592000,h3-29=\":443\"; ma=2592000,h3-Q050=\":443\"; ma=2592000,h3-Q046=\":443\"; ma=2592000,h3-Q043=\":443\"; ma=2592000,quic=\":443\"; ma=2592000; v=\"46,43\"","accept-ranges":"none","transfer-encoding":"chunked"}
[debug] [2022-01-12T20:14:23.178Z] >>> HTTP REQUEST POST https://cloudresourcemanager.googleapis.com/v1/projects/student-subject:testIamPermissions  
 {"permissions":["firebase.projects.get","firebasehosting.sites.update"]}
[debug] [2022-01-12T20:14:25.685Z] <<< HTTP RESPONSE 200 {"content-type":"application/json; charset=UTF-8","vary":"X-Origin, Referer, Origin,Accept-Encoding","date":"Wed, 12 Jan 2022 20:14:26 GMT","server":"ESF","cache-control":"private","x-xss-protection":"0","x-frame-options":"SAMEORIGIN","x-content-type-options":"nosniff","server-timing":"gfet4t7; dur=1475","alt-svc":"h3=\":443\"; ma=2592000,h3-29=\":443\"; ma=2592000,h3-Q050=\":443\"; ma=2592000,h3-Q046=\":443\"; ma=2592000,h3-Q043=\":443\"; ma=2592000,quic=\":443\"; ma=2592000; v=\"46,43\"","accept-ranges":"none","transfer-encoding":"chunked"}
[debug] [2022-01-12T20:14:25.692Z] > refreshing access token with scopes: []
[debug] [2022-01-12T20:14:25.693Z] >>> HTTP REQUEST POST https://www.googleapis.com/oauth2/v3/token  
 <request body omitted>
[debug] [2022-01-12T20:14:26.317Z] <<< HTTP RESPONSE 200 {"pragma":"no-cache","cache-control":"no-cache, no-store, max-age=0, must-revalidate","date":"Wed, 12 Jan 2022 20:14:26 GMT","expires":"Mon, 01 Jan 1990 00:00:00 GMT","content-type":"application/json; charset=utf-8","vary":"X-Origin, Referer, Origin,Accept-Encoding","server":"scaffolding on HTTPServer2","x-xss-protection":"0","x-frame-options":"SAMEORIGIN","x-content-type-options":"nosniff","alt-svc":"h3=\":443\"; ma=2592000,h3-29=\":443\"; ma=2592000,h3-Q050=\":443\"; ma=2592000,h3-Q046=\":443\"; ma=2592000,h3-Q043=\":443\"; ma=2592000,quic=\":443\"; ma=2592000; v=\"46,43\"","accept-ranges":"none","transfer-encoding":"chunked"}
[debug] [2022-01-12T20:14:26.345Z] >>> [apiv2][query] GET https://firebase.googleapis.com/v1beta1/projects/student-subject [none]
[debug] [2022-01-12T20:14:27.478Z] <<< [apiv2][status] GET https://firebase.googleapis.com/v1beta1/projects/student-subject 200
[debug] [2022-01-12T20:14:27.479Z] <<< [apiv2][body] GET https://firebase.googleapis.com/v1beta1/projects/student-subject {"projectId":"student-subject","projectNumber":"365515242154","displayName":"Student-subject","name":"projects/student-subject","resources":{"hostingSite":"student-subject","realtimeDatabaseInstance":"student-subject-default-rtdb"},"state":"ACTIVE"}
[info] 
[info] === Deploying to 'student-subject'...
[info] 
[info] i  deploying hosting 
[debug] [2022-01-12T20:14:27.497Z] > refreshing access token with scopes: ["email","https://www.googleapis.com/auth/cloud-platform","https://www.googleapis.com/auth/cloudplatformprojects.readonly","https://www.googleapis.com/auth/firebase","openid"]
[debug] [2022-01-12T20:14:27.498Z] >>> HTTP REQUEST POST https://www.googleapis.com/oauth2/v3/token  
 <request body omitted>
[debug] [2022-01-12T20:14:28.852Z] <<< HTTP RESPONSE 200 {"date":"Wed, 12 Jan 2022 20:14:28 GMT","cache-control":"no-cache, no-store, max-age=0, must-revalidate","expires":"Mon, 01 Jan 1990 00:00:00 GMT","pragma":"no-cache","content-type":"application/json; charset=utf-8","vary":"X-Origin, Referer, Origin,Accept-Encoding","server":"scaffolding on HTTPServer2","x-xss-protection":"0","x-frame-options":"SAMEORIGIN","x-content-type-options":"nosniff","alt-svc":"h3=\":443\"; ma=2592000,h3-29=\":443\"; ma=2592000,h3-Q050=\":443\"; ma=2592000,h3-Q046=\":443\"; ma=2592000,h3-Q043=\":443\"; ma=2592000,quic=\":443\"; ma=2592000; v=\"46,43\"","accept-ranges":"none","transfer-encoding":"chunked"}
[debug] [2022-01-12T20:14:28.884Z] >>> HTTP REQUEST POST https://firebasehosting.googleapis.com/v1beta1/sites/student-subject/versions  
 {"config":{"rewrites":[{"glob":"**","path":"/index.html"}]},"labels":{"deployment-tool":"cli-firebase"}}
[debug] [2022-01-12T20:14:40.133Z] Error: socket hang up
    at connResetException (node:internal/errors:691:14)
    at TLSSocket.socketOnEnd (node:_http_client:471:23)
    at TLSSocket.emit (node:events:402:35)
    at TLSSocket.emit (node:domain:475:12)
    at endReadableNT (node:internal/streams/readable:1343:12)
    at processTicksAndRejections (node:internal/process/task_queues:83:21)
[error] 
[error] Error: Server Error. socket hang up
[debug] [2022-01-12T20:16:03.440Z] ----------------------------------------------------------------------
[debug] [2022-01-12T20:16:03.450Z] Command:       C:\Program Files\nodejs\node.exe C:\Users\Perfect\AppData\Roaming\npm\node_modules\firebase-tools\lib\bin\firebase.js init
[debug] [2022-01-12T20:16:03.453Z] CLI Version:   10.0.1
[debug] [2022-01-12T20:16:03.454Z] Platform:      win32
[debug] [2022-01-12T20:16:03.455Z] Node Version:  v16.13.1
[debug] [2022-01-12T20:16:03.460Z] Time:          Thu Jan 13 2022 02:16:03 GMT+0600 (Bangladesh Standard Time)
[debug] [2022-01-12T20:16:03.461Z] ----------------------------------------------------------------------
[debug] 
[debug] [2022-01-12T20:16:03.788Z] > command requires scopes: ["email","openid","https://www.googleapis.com/auth/cloudplatformprojects.readonly","https://www.googleapis.com/auth/firebase","https://www.googleapis.com/auth/cloud-platform"]
[debug] [2022-01-12T20:16:03.790Z] > authorizing via signed-in user (eiasin880@gmail.com)
[info] 
     ######## #### ########  ######## ########     ###     ######  ########
     ##        ##  ##     ## ##       ##     ##  ##   ##  ##       ##
     ######    ##  ########  ######   ########  #########  ######  ######
     ##        ##  ##    ##  ##       ##     ## ##     ##       ## ##
     ##       #### ##     ## ######## ########  ##     ##  ######  ########

You're about to initialize a Firebase project in this directory:

  G:\InternTask\web-brains-media

Before we get started, keep in mind:

  * You are initializing within an existing Firebase project directory

[info] 
=== Project Setup
[info] 
[info] First, let's associate this project directory with a Firebase project.
[info] You can create multiple project aliases by running firebase use --add, 
[info] but for now we'll just set up a default project.
[info] 
[debug] [2022-01-12T20:16:12.951Z] Using project from CLI flag: student-subject
[debug] [2022-01-12T20:16:12.962Z] > refreshing access token with scopes: []
[debug] [2022-01-12T20:16:12.968Z] >>> HTTP REQUEST POST https://www.googleapis.com/oauth2/v3/token  
 <request body omitted>
[debug] [2022-01-12T20:16:14.682Z] <<< HTTP RESPONSE 200 {"date":"Wed, 12 Jan 2022 20:16:14 GMT","expires":"Mon, 01 Jan 1990 00:00:00 GMT","cache-control":"no-cache, no-store, max-age=0, must-revalidate","pragma":"no-cache","content-type":"application/json; charset=utf-8","vary":"X-Origin, Referer, Origin,Accept-Encoding","server":"scaffolding on HTTPServer2","x-xss-protection":"0","x-frame-options":"SAMEORIGIN","x-content-type-options":"nosniff","alt-svc":"h3=\":443\"; ma=2592000,h3-29=\":443\"; ma=2592000,h3-Q050=\":443\"; ma=2592000,h3-Q046=\":443\"; ma=2592000,h3-Q043=\":443\"; ma=2592000,quic=\":443\"; ma=2592000; v=\"46,43\"","accept-ranges":"none","transfer-encoding":"chunked"}
[debug] [2022-01-12T20:16:14.724Z] >>> [apiv2][query] GET https://firebase.googleapis.com/v1beta1/projects/student-subject [none]
[debug] [2022-01-12T20:16:33.525Z] Failed to make request to https://firebase.googleapis.com/v1beta1/projects/student-subject
[debug] [2022-01-12T20:16:38.760Z] FirebaseError: Failed to make request to https://firebase.googleapis.com/v1beta1/projects/student-subject
    at Client.doRequest (C:\Users\Perfect\AppData\Roaming\npm\node_modules\firebase-tools\lib\apiv2.js:213:19)
    at processTicksAndRejections (node:internal/process/task_queues:96:5)
    at async Client.request (C:\Users\Perfect\AppData\Roaming\npm\node_modules\firebase-tools\lib\apiv2.js:96:20)
    at async Object.getFirebaseProject (C:\Users\Perfect\AppData\Roaming\npm\node_modules\firebase-tools\lib\management\projects.js:290:21)
    at async Object.doSetup [as project] (C:\Users\Perfect\AppData\Roaming\npm\node_modules\firebase-tools\lib\init\features\project.js:85:27)
    at async init (C:\Users\Perfect\AppData\Roaming\npm\node_modules\firebase-tools\lib\init\index.js:19:9)
[error] 
[error] Error: Failed to get Firebase project student-subject. Please make sure the project exists and your account has permission to access it.
[debug] [2022-01-12T20:22:30.862Z] ----------------------------------------------------------------------
[debug] [2022-01-12T20:22:30.872Z] Command:       C:\Program Files\nodejs\node.exe C:\Users\Perfect\AppData\Roaming\npm\node_modules\firebase-tools\lib\bin\firebase.js deploy
[debug] [2022-01-12T20:22:30.875Z] CLI Version:   10.0.1
[debug] [2022-01-12T20:22:30.876Z] Platform:      win32
[debug] [2022-01-12T20:22:30.877Z] Node Version:  v16.13.1
[debug] [2022-01-12T20:22:30.891Z] Time:          Thu Jan 13 2022 02:22:30 GMT+0600 (Bangladesh Standard Time)
[debug] [2022-01-12T20:22:30.892Z] ----------------------------------------------------------------------
[debug] 
[debug] [2022-01-12T20:22:31.264Z] > command requires scopes: ["email","openid","https://www.googleapis.com/auth/cloudplatformprojects.readonly","https://www.googleapis.com/auth/firebase","https://www.googleapis.com/auth/cloud-platform"]
[debug] [2022-01-12T20:22:31.266Z] > authorizing via signed-in user (eiasin880@gmail.com)
[debug] [2022-01-12T20:22:31.267Z] [iam] checking project student-subject for permissions ["firebase.projects.get","firebasehosting.sites.update"]
[debug] [2022-01-12T20:22:31.279Z] > refreshing access token with scopes: ["email","https://www.googleapis.com/auth/cloud-platform","https://www.googleapis.com/auth/cloudplatformprojects.readonly","https://www.googleapis.com/auth/firebase","openid"]
[debug] [2022-01-12T20:22:31.282Z] >>> HTTP REQUEST POST https://www.googleapis.com/oauth2/v3/token  
 <request body omitted>
